2025-12-09 00:13:55 - Starting Daily Payout & Commission Generation
2025-12-09 00:13:55 - --------------------------------------------------
2025-12-09 00:13:55 - Loaded 20 commission levels.
2025-12-09 00:13:55 - --------------------------------------------------
2025-12-09 00:13:55 - PROCESSING COMPLETE
2025-12-09 00:13:55 - Investments Processed: 1
2025-12-09 00:13:55 - Daily ROI Paid: INR250.00
2025-12-09 00:13:55 - Referral Commissions Paid: INR62.50
2025-12-09 00:13:55 - Total Payouts Skipped (Weekends): 0
2025-12-09 00:13:55 - Errors: 0
2025-12-09 00:16:13 - Starting Daily Payout & Commission Generation
2025-12-09 00:16:13 - --------------------------------------------------
2025-12-09 00:16:13 - Loaded 20 commission levels.
2025-12-09 00:16:13 - --------------------------------------------------
2025-12-09 00:16:13 - PROCESSING COMPLETE
2025-12-09 00:16:13 - Investments Processed: 1
2025-12-09 00:16:13 - Daily ROI Paid: INR0.00
2025-12-09 00:16:13 - Referral Commissions Paid: INR0.00
2025-12-09 00:16:13 - Total Payouts Skipped (Weekends): 0
2025-12-09 00:16:13 - Errors: 0
2025-12-09 00:46:20 - Starting Daily Payout & Commission Generation
2025-12-09 00:46:20 - --------------------------------------------------
2025-12-09 00:46:20 - Loaded 20 commission levels.
2025-12-09 00:46:20 - --------------------------------------------------
2025-12-09 00:46:20 - PROCESSING COMPLETE
2025-12-09 00:46:20 - Investments Processed: 1
2025-12-09 00:46:20 - Daily ROI Paid: INR0.00
2025-12-09 00:46:20 - Referral Commissions Paid: INR0.00
2025-12-09 00:46:20 - Total Payouts Skipped (Weekends): 0
2025-12-09 00:46:20 - Errors: 0
2025-12-09 00:48:46 - Starting Daily Payout & Commission Generation
2025-12-09 00:48:46 - --------------------------------------------------
2025-12-09 00:48:46 - Loaded 20 commission levels.
2025-12-09 00:48:47 - --------------------------------------------------
2025-12-09 00:48:47 - PROCESSING COMPLETE
2025-12-09 00:48:47 - Investments Processed: 2
2025-12-09 00:48:47 - Daily ROI Paid: INR0.00
2025-12-09 00:48:47 - Referral Commissions Paid: INR0.00
2025-12-09 00:48:47 - Total Payouts Skipped (Weekends): 0
2025-12-09 00:48:47 - Errors: 0
2025-12-09 01:02:16 - Starting Daily Payout & Commission Generation
2025-12-09 01:02:16 - --------------------------------------------------
2025-12-09 01:02:16 - Loaded 20 commission levels.
2025-12-09 01:02:17 - --------------------------------------------------
2025-12-09 01:02:17 - PROCESSING COMPLETE
2025-12-09 01:02:17 - Investments Processed: 2
2025-12-09 01:02:17 - Daily ROI Paid: INR0.00
2025-12-09 01:02:17 - Referral Commissions Paid: INR0.00
2025-12-09 01:02:17 - Total Payouts Skipped (Weekends): 0
2025-12-09 01:02:17 - Errors: 0
2025-12-09 10:49:15 - Starting Daily Payout & Commission Generation
2025-12-09 10:49:15 - --------------------------------------------------
2025-12-09 10:49:15 - Loaded 20 commission levels.
2025-12-09 10:49:15 - --------------------------------------------------
2025-12-09 10:49:15 - PROCESSING COMPLETE
2025-12-09 10:49:15 - Investments Processed: 2
2025-12-09 10:49:15 - Daily ROI Paid: INR0.00
2025-12-09 10:49:15 - Referral Commissions Paid: INR0.00
2025-12-09 10:49:15 - Total Payouts Skipped (Weekends): 0
2025-12-09 10:49:15 - Errors: 0
2025-12-09 10:49:35 - Starting Daily Payout & Commission Generation
2025-12-09 10:49:35 - --------------------------------------------------
2025-12-09 10:49:35 - Loaded 20 commission levels.
2025-12-09 10:49:36 - --------------------------------------------------
2025-12-09 10:49:36 - PROCESSING COMPLETE
2025-12-09 10:49:36 - Investments Processed: 2
2025-12-09 10:49:36 - Daily ROI Paid: INR0.00
2025-12-09 10:49:36 - Referral Commissions Paid: INR0.00
2025-12-09 10:49:36 - Total Payouts Skipped (Weekends): 0
2025-12-09 10:49:36 - Errors: 0
2025-12-09 10:50:10 - Starting Daily Payout & Commission Generation
2025-12-09 10:50:10 - --------------------------------------------------
2025-12-09 10:50:10 - Loaded 20 commission levels.
2025-12-09 10:50:10 - --------------------------------------------------
2025-12-09 10:50:10 - PROCESSING COMPLETE
2025-12-09 10:50:10 - Investments Processed: 2
2025-12-09 10:50:10 - Daily ROI Paid: INR0.00
2025-12-09 10:50:10 - Referral Commissions Paid: INR0.00
2025-12-09 10:50:10 - Total Payouts Skipped (Weekends): 0
2025-12-09 10:50:10 - Errors: 0
